2012-12-31 18:39:15 Using configuration file worldserver.conf.
2012-12-31 18:39:15 Using SSL version: OpenSSL 1.0.1c 10 May 2012 (library: OpenSSL 0.9.8o 01 Jun 2010)
2012-12-31 18:39:15 Using ACE version: 6.1.2
2012-12-31 18:39:15 SkyFireEMU rev. 0000-00-00 00:00:00 +0000 (Archived) (Win32, Release) (worldserver-daemon)
2012-12-31 18:39:15 <Ctrl-C> to stop.

2012-12-31 18:39:15    ______  __  __  __  __  ______ __  ______  ______ 
2012-12-31 18:39:15   /\  ___\/\ \/ / /\ \_\ \/\  ___/\ \/\  == \/\  ___\ 
2012-12-31 18:39:15   \ \___  \ \  _'-\ \____ \ \  __\ \ \ \  __<\ \  __\ 
2012-12-31 18:39:15    \/\_____\ \_\ \_\/\_____\ \_\  \ \_\ \_\ \_\ \_____\ 
2012-12-31 18:39:15     \/_____/\/_/\/_/\/_____/\/_/   \/_/\/_/ /_/\/_____/ 
2012-12-31 18:39:15   Project SkyFireEmu 2012(c) Open-Sourced Game Emulation Project 
2012-12-31 18:39:15            <http://www.projectskyfire.org/> 

2012-12-31 18:39:15 Realm running as realm ID 1
2012-12-31 18:39:15 Using World DB: SkyFire DB NG Release <10> 2012_22_12
2012-12-31 18:39:15 Will clear `logs` table of entries older than 1209600 seconds every 10 minutes.
2012-12-31 18:39:15 Using DataDir C:/CoreReq/
2012-12-31 18:39:15 WORLD: Collision support included. LineOfSight:1, getHeight:1, indoorCheck:1, PetLOS:1
2012-12-31 18:39:15 WORLD: Collision data directory is: C:/CoreReq/vmaps
2012-12-31 18:39:15 WORLD: VMap support included. LineOfSight:1, getHeight:1, indoorCheck:1 PetLOS:1
2012-12-31 18:39:15 WORLD: VMap data directory is: C:/CoreReq/vmaps
2012-12-31 18:39:15 
2012-12-31 18:39:15 Loading SkyFire strings...
2012-12-31 18:39:15 >> Loaded 980 SkyFire strings from table skyfire_string in 3 ms
2012-12-31 18:39:15 
2012-12-31 18:39:15 Initialize data stores...
2012-12-31 18:39:15 >> Initialized 128 DBC data stores in 153 ms
2012-12-31 18:39:15 
2012-12-31 18:39:15 >> Initialized 2 DB2 data stores.
2012-12-31 18:39:15 
2012-12-31 18:39:15 Using enUS DBC Locale as default. All available DBC locales: ruRU esMX esES zhTW zhCN deDE frFR koKR enUS 
2012-12-31 18:39:15 
2012-12-31 18:39:15 Loading SpellInfo store...
2012-12-31 18:39:15 >> Loaded spell info store in 36 ms
2012-12-31 18:39:15 
2012-12-31 18:39:15 Loading spell custom attributes...
2012-12-31 18:39:15 >> Loaded spell custom attributes in 29 ms
2012-12-31 18:39:15 
2012-12-31 18:39:15 Loading Script Names...
2012-12-31 18:39:15 >> Loaded 2236 Script Names in 69 ms
2012-12-31 18:39:15 
2012-12-31 18:39:15 Loading Instance Template...
2012-12-31 18:39:15 >> Loaded 95 instance templates in 1 ms
2012-12-31 18:39:15 
2012-12-31 18:39:15 Loading SkillLineAbilityMultiMap Data...
2012-12-31 18:39:15 >> Loaded 8150 SkillLineAbility MultiMap Data in 1 ms
2012-12-31 18:39:15 
2012-12-31 18:39:15 Loading instances...
2012-12-31 18:39:15 >> Loaded instances in 4 ms
2012-12-31 18:39:15 
2012-12-31 18:39:15 >> Loaded instance completed encounters in 0 ms
2012-12-31 18:39:15 
2012-12-31 18:39:15 Loading Localization strings...
2012-12-31 18:39:15 >> Localization strings loaded in 7 ms
2012-12-31 18:39:15 
2012-12-31 18:39:15 Loading Page Texts...
2012-12-31 18:39:15 >> Loaded 2074 page texts in 14 ms
2012-12-31 18:39:15 
2012-12-31 18:39:15 Loading Game Object Templates...
2012-12-31 18:39:16 >> Loaded 24904 game object templates in 212 ms
2012-12-31 18:39:16 
2012-12-31 18:39:16 Loading Spell Rank Data...
2012-12-31 18:39:16 >> Loaded 1916 spell rank records in 3 ms
2012-12-31 18:39:16 
2012-12-31 18:39:16 Loading Spell Required Data...
2012-12-31 18:39:16 >> Loaded 20 spell required records in 1 ms
2012-12-31 18:39:16 
2012-12-31 18:39:16 Loading Spell Group types...
2012-12-31 18:39:16 >> Loaded 453 spell group definitions in 2 ms
2012-12-31 18:39:16 
2012-12-31 18:39:16 Loading Spell Learn Skills...
2012-12-31 18:39:16 >> Loaded 129 Spell Learn Skills from DBC in 2 ms
2012-12-31 18:39:16 
2012-12-31 18:39:16 Loading Spell Learn Spells...
2012-12-31 18:39:16 >> Loaded 19 spell learn spells + 509 found in DBC in 3 ms
2012-12-31 18:39:16 
2012-12-31 18:39:16 Loading Spell Proc Event conditions...
2012-12-31 18:39:16 >> Loaded 917 extra and 69 custom spell proc event conditions in 4 ms
2012-12-31 18:39:16 
2012-12-31 18:39:16 Loading Spell Proc conditions and data...
2012-12-31 18:39:16 >> Loaded 0 spell proc conditions and data
2012-12-31 18:39:16 
2012-12-31 18:39:16 Loading Spell Bonus Data...
2012-12-31 18:39:16 >> Loaded 228 extra spell bonus data in 1 ms
2012-12-31 18:39:16 
2012-12-31 18:39:16 Loading Aggro Spells Definitions...
2012-12-31 18:39:16 >> Loaded 0 aggro generating spells
2012-12-31 18:39:16 
2012-12-31 18:39:16 Loading Spell Group Stack Rules...
2012-12-31 18:39:16 >> Loaded 60 spell group stack rules in 1 ms
2012-12-31 18:39:16 
2012-12-31 18:39:16 Loading NPC Texts...
2012-12-31 18:39:16 >> Loaded 7093 npc texts in 133 ms
2012-12-31 18:39:16 
2012-12-31 18:39:16 Loading Enchant Spells Proc datas...
2012-12-31 18:39:16 >> Loaded 318 enchant proc data definitions in 2 ms
2012-12-31 18:39:16 
2012-12-31 18:39:16 Loading Item Random Enchantments Table...
2012-12-31 18:39:16 >> Loaded 29171 Item Enchantment definitions in 35 ms
2012-12-31 18:39:16 
2012-12-31 18:39:16 Loading Disables...
2012-12-31 18:39:16 >> Loaded 42 disables in 2 ms
2012-12-31 18:39:16 
2012-12-31 18:39:16 Loading Items...
2012-12-31 18:39:17 ERROR: Item (Entry: 0) does not exist in item.db2! (not correct id?).
2012-12-31 18:39:17 >> Loaded 49872 item templates in 1186 ms
2012-12-31 18:39:17 
2012-12-31 18:39:17 Loading Item Scripts...
2012-12-31 18:39:17 >> Loaded 12 item script names in 0 ms
2012-12-31 18:39:17 
2012-12-31 18:39:17 Loading Item set names...
2012-12-31 18:39:17 >> Loaded 2696 item set names in 5 ms
2012-12-31 18:39:17 
2012-12-31 18:39:17 Loading Creature Model Based Info Data...
2012-12-31 18:39:17 >> Loaded 31176 creature model based info in 52 ms
2012-12-31 18:39:17 
2012-12-31 18:39:17 Loading Equipment templates...
2012-12-31 18:39:17 >> Loaded 10112 equipment templates in 12 ms
2012-12-31 18:39:17 
2012-12-31 18:39:17 Loading Creature templates...
2012-12-31 18:39:18 >> Loaded 43338 creature definitions in 889 ms
2012-12-31 18:39:18 
2012-12-31 18:39:18 Loading Creature template addons...
2012-12-31 18:39:18 >> Loaded 16928 creature template addons in 33 ms
2012-12-31 18:39:18 
2012-12-31 18:39:18 Loading Reputation Reward Rates...
2012-12-31 18:39:18 >> Loaded 85 reputation_reward_rate in 1 ms
2012-12-31 18:39:18 
2012-12-31 18:39:18 Loading Creature Reputation OnKill Data...
2012-12-31 18:39:18 >> Loaded 2391 creature reward definitions in 9 ms
2012-12-31 18:39:18 
2012-12-31 18:39:18 Loading Reputation Spillover Data...
2012-12-31 18:39:18 >> Loaded 28 reputation_spillover_template in 1 ms
2012-12-31 18:39:18 
2012-12-31 18:39:18 Loading Points Of Interest Data...
2012-12-31 18:39:18 >> Loaded 446 Points of Interest definitions in 2 ms
2012-12-31 18:39:18 
2012-12-31 18:39:18 Loading Creature Base Stats...
2012-12-31 18:39:18 >> Loaded 1600 creature base stats in 7 ms
2012-12-31 18:39:18 
2012-12-31 18:39:18 Loading Creature Data...
2012-12-31 18:39:19 >> Loaded 166960 creatures in 1546 ms
2012-12-31 18:39:19 
2012-12-31 18:39:19 Loading pet levelup spells...
2012-12-31 18:39:19 >> Loaded 253 pet levelup and default spells for 48 families in 5 ms
2012-12-31 18:39:19 
2012-12-31 18:39:19 Loading pet default spells additional to levelup spells...
2012-12-31 18:39:19 >> Loaded addition spells for 799 pet spell data entries in 2 ms
2012-12-31 18:39:19 
2012-12-31 18:39:19 Loading summonable creature templates...
2012-12-31 18:39:19 >> Loaded 375 summonable creature templates in 4 ms
2012-12-31 18:39:19 
2012-12-31 18:39:19 Loading Creature Addon Data...
2012-12-31 18:39:20 ERROR: Creature (GUID: 6430673) does not exist but has a record in `creature_addon`
2012-12-31 18:39:20 ERROR: Creature (GUID: 6430776) does not exist but has a record in `creature_addon`
2012-12-31 18:39:20 >> Loaded 19731 creature addons in 39 ms
2012-12-31 18:39:20 
2012-12-31 18:39:20 Loading Creature Respawn Data...
2012-12-31 18:39:20 >> Loaded 0 creature respawn time.
2012-12-31 18:39:20 
2012-12-31 18:39:20 Loading Gameobject Data...
2012-12-31 18:39:20 >> Loaded 70757 gameobjects in 632 ms
2012-12-31 18:39:20 
2012-12-31 18:39:20 Loading Gameobject Respawn Data...
2012-12-31 18:39:20 >> Loaded 0 gameobject respawn times. DB table `gameobject_respawn` is empty!
2012-12-31 18:39:20 
2012-12-31 18:39:20 Loading Creature Linked Respawn...
2012-12-31 18:39:20 >> Loaded 10 linked respawns in 1 ms
2012-12-31 18:39:20 
2012-12-31 18:39:20 Loading Weather Data...
2012-12-31 18:39:20 >> Loaded 35 weather definitions in 1 ms
2012-12-31 18:39:20 
2012-12-31 18:39:20 Loading Quests...
2012-12-31 18:39:21 >> Loaded 13175 quests definitions in 501 ms
2012-12-31 18:39:21 
2012-12-31 18:39:21 Checking Quest Disables
2012-12-31 18:39:21 >> Checked 31 quest disables in 0 ms
2012-12-31 18:39:21 
2012-12-31 18:39:21 Loading Quest POI
2012-12-31 18:39:21 >> Loaded 113076 quest POI definitions in 692 ms
2012-12-31 18:39:21 
2012-12-31 18:39:21 Loading Quests Relations...
2012-12-31 18:39:21 Loading GO Start Quest Data...
2012-12-31 18:39:21 >> Loaded 348 quest relations from gameobject_questrelation in 3 ms
2012-12-31 18:39:21 
2012-12-31 18:39:21 Loading GO End Quest Data...
2012-12-31 18:39:21 >> Loaded 58 quest relations from gameobject_involvedrelation in 1 ms
2012-12-31 18:39:21 
2012-12-31 18:39:21 Loading Creature Start Quest Data...
2012-12-31 18:39:21 >> Loaded 8622 quest relations from creature_questrelation in 14 ms
2012-12-31 18:39:21 
2012-12-31 18:39:21 Loading Creature End Quest Data...
2012-12-31 18:39:21 >> Loaded 8715 quest relations from creature_involvedrelation in 15 ms
2012-12-31 18:39:21 
2012-12-31 18:39:21 Loading Objects Pooling Data...
2012-12-31 18:39:21 >> Loaded 2684 objects pools in 3 ms
2012-12-31 18:39:21 
2012-12-31 18:39:21 Loading Creatures Pooling Data...
2012-12-31 18:39:21 >> Loaded 294 creatures in pools in 1 ms
2012-12-31 18:39:21 
2012-12-31 18:39:21 Loading Gameobject Pooling Data...
2012-12-31 18:39:21 >> Loaded 4587 gameobject in pools in 7 ms
2012-12-31 18:39:21 
2012-12-31 18:39:21 Loading Mother Pooling Data...
2012-12-31 18:39:21 >> Loaded 2045 pools in mother pools in 23 ms
2012-12-31 18:39:21 
2012-12-31 18:39:21 Loading Quest Pooling Data...
2012-12-31 18:39:21 >> Loaded 20 quests in pools in 0 ms
2012-12-31 18:39:21 
2012-12-31 18:39:21 Starting objects pooling system...
2012-12-31 18:39:21 Pool handling system initialized, 660 pools spawned in 17 ms
2012-12-31 18:39:21 
2012-12-31 18:39:21 Loading Game Event Data...
2012-12-31 18:39:21 ERROR: `game_event` game event id (78) have not existed holiday id 288.
2012-12-31 18:39:21 >> Loaded 111 game events in 2 ms
2012-12-31 18:39:21 
2012-12-31 18:39:21 Loading Game Event Saves Data...
2012-12-31 18:39:21 >> Loaded 0 game event saves in game events. DB table `game_event_save` is empty.
2012-12-31 18:39:21 
2012-12-31 18:39:21 Loading Game Event Prerequisite Data...
2012-12-31 18:39:21 >> Loaded 0 game event prerequisites in game events. DB table `game_event_prerequisite` is empty.
2012-12-31 18:39:21 
2012-12-31 18:39:21 Loading Game Event Creature Data...
2012-12-31 18:39:21 >> Loaded 318 creatures in game events in 9 ms
2012-12-31 18:39:21 
2012-12-31 18:39:21 Loading Game Event GO Data...
2012-12-31 18:39:21 >> Loaded 18446 gameobjects in game events in 33 ms
2012-12-31 18:39:21 
2012-12-31 18:39:21 Loading Game Event Model/Equipment Change Data...
2012-12-31 18:39:22 >> Loaded 85 model/equipment changes in game events in 2 ms
2012-12-31 18:39:22 
2012-12-31 18:39:22 Loading Game Event Quest Data...
2012-12-31 18:39:22 >> Loaded 165 quests additions in game events in 1 ms
2012-12-31 18:39:22 
2012-12-31 18:39:22 Loading Game Event GO Quest Data...
2012-12-31 18:39:22 >> Loaded 0 go quests additions in game events. DB table `game_event_gameobject_quest` is empty.
2012-12-31 18:39:22 
2012-12-31 18:39:22 Loading Game Event Quest Condition Data...
2012-12-31 18:39:22 >> Loaded 0 quest event conditions in game events. DB table `game_event_quest_condition` is empty.
2012-12-31 18:39:22 
2012-12-31 18:39:22 Loading Game Event Condition Data...
2012-12-31 18:39:22 >> Loaded 0 conditions in game events. DB table `game_event_condition` is empty.
2012-12-31 18:39:22 
2012-12-31 18:39:22 Loading Game Event Condition Save Data...
2012-12-31 18:39:22 >> Loaded 0 condition saves in game events. DB table `game_event_condition_save` is empty.
2012-12-31 18:39:22 
2012-12-31 18:39:22 Loading Game Event NPCflag Data...
2012-12-31 18:39:22 >> Loaded 0 npcflags in game events. DB table `game_event_npcflag` is empty.
2012-12-31 18:39:22 
2012-12-31 18:39:22 Loading Game Event Seasonal Quest Relations...
2012-12-31 18:39:22 >> Loaded 566 quests additions in game events in 2 ms
2012-12-31 18:39:22 
2012-12-31 18:39:22 Loading Game Event Vendor Additions Data...
2012-12-31 18:39:22 >> Loaded 0 vendor additions in game events. DB table `game_event_npc_vendor` is empty.
2012-12-31 18:39:22 
2012-12-31 18:39:22 Loading Game Event Battleground Data...
2012-12-31 18:39:22 >> Loaded 0 battleground holidays in game events. DB table `game_event_condition` is empty.
2012-12-31 18:39:22 
2012-12-31 18:39:22 Loading Game Event Pool Data...
2012-12-31 18:39:22 >> Loaded 0 pools for game events. DB table `game_event_pool` is empty.
2012-12-31 18:39:22 
2012-12-31 18:39:22 Loading UNIT_NPC_FLAG_SPELLCLICK Data...
2012-12-31 18:39:22 >> Loaded 353 spellclick definitions in 4 ms
2012-12-31 18:39:22 
2012-12-31 18:39:22 Loading Vehicle Template Accessories...
2012-12-31 18:39:22 >> Loaded 17 Vehicle Template Accessories in 1 ms
2012-12-31 18:39:22 
2012-12-31 18:39:22 Loading Vehicle Accessories...
2012-12-31 18:39:22 >> Loaded 94 Vehicle Accessories in 1 ms
2012-12-31 18:39:22 
2012-12-31 18:39:22 Loading Dungeon boss data...
2012-12-31 18:39:22 >> Loaded 459 instance encounters in 1 ms
2012-12-31 18:39:22 
2012-12-31 18:39:22 Loading LFG rewards...
2012-12-31 18:39:22 >> Loaded 15 lfg dungeon rewards in 0 ms
2012-12-31 18:39:22 
2012-12-31 18:39:22 Loading SpellArea Data...
2012-12-31 18:39:22 >> Loaded 566 spell area requirements in 2 ms
2012-12-31 18:39:22 
2012-12-31 18:39:22 Loading AreaTrigger definitions...
2012-12-31 18:39:22 >> Loaded 246 area trigger teleport definitions in 2 ms
2012-12-31 18:39:22 
2012-12-31 18:39:22 Loading Access Requirements...
2012-12-31 18:39:22 >> Loaded 148 access requirement definitions in 1 ms
2012-12-31 18:39:22 
2012-12-31 18:39:22 Loading Quest Area Triggers...
2012-12-31 18:39:22 >> Loaded 41 quest trigger points in 1 ms
2012-12-31 18:39:22 
2012-12-31 18:39:22 Loading Tavern Area Triggers...
2012-12-31 18:39:22 >> Loaded 110 tavern triggers in 1 ms
2012-12-31 18:39:22 
2012-12-31 18:39:22 Loading AreaTrigger script names...
2012-12-31 18:39:22 >> Loaded 67 areatrigger scripts in 1 ms
2012-12-31 18:39:22 
2012-12-31 18:39:22 Loading Graveyard-zone links...
2012-12-31 18:39:22 >> Loaded 1212 graveyard-zone links in 3 ms
2012-12-31 18:39:22 
2012-12-31 18:39:22 Loading spell pet auras...
2012-12-31 18:39:22 >> Loaded 0 spell pet auras. DB table `spell_pet_auras` is empty.
2012-12-31 18:39:22 
2012-12-31 18:39:22 Loading Spell target coordinates...
2012-12-31 18:39:22 >> Loaded 491 spell teleport coordinates in 3 ms
2012-12-31 18:39:22 
2012-12-31 18:39:22 Loading enchant custom attributes...
2012-12-31 18:39:22 >> Loaded 8 custom enchant attributes in 1 ms
2012-12-31 18:39:22 
2012-12-31 18:39:22 Loading linked spells...
2012-12-31 18:39:22 >> Loaded 255 linked spells in 1 ms
2012-12-31 18:39:22 
2012-12-31 18:39:22 Loading Player Create Data...
2012-12-31 18:39:22 >> Loaded 91 player create definitions in 1 ms
2012-12-31 18:39:22 
2012-12-31 18:39:22 Loading Player Create Items Data...
2012-12-31 18:39:22 >> Loaded 0 custom player create items. DB table `playercreateinfo_item` is empty.
2012-12-31 18:39:22 
2012-12-31 18:39:22 Loading Player Create Spell Data...
2012-12-31 18:39:22 >> Loaded 4503 player create spells in 5 ms
2012-12-31 18:39:22 
2012-12-31 18:39:22 Loading Player Create Action Data...
2012-12-31 18:39:22 >> Loaded 446 player create actions in 1 ms
2012-12-31 18:39:22 
2012-12-31 18:39:22 Loading Player Create Level HP/Mana Data...
2012-12-31 18:39:22 >> Loaded 850 level health/mana definitions in 1 ms
2012-12-31 18:39:22 
2012-12-31 18:39:22 Loading Guild XP Data...
2012-12-31 18:39:22 >> Loaded 24 XP for Guild levels
2012-12-31 18:39:22 
2012-12-31 18:39:22 Loading Player Create Level Stats Data...
2012-12-31 18:39:22 >> Loaded 9635 level stats definitions in 15 ms
2012-12-31 18:39:22 
2012-12-31 18:39:22 Loading Player Create XP Data...
2012-12-31 18:39:22 >> Loaded 84 xp for level definitions in 1 ms
2012-12-31 18:39:22 
2012-12-31 18:39:22 Loading Exploration BaseXP Data...
2012-12-31 18:39:22 >> Loaded 85 BaseXP definitions in 1 ms
2012-12-31 18:39:22 
2012-12-31 18:39:22 Loading Pet Name Parts...
2012-12-31 18:39:22 >> Loaded 313 pet name parts in 1 ms
2012-12-31 18:39:22 
2012-12-31 18:39:22 Cleaning character database...
2012-12-31 18:39:22 Loading the max pet number...
2012-12-31 18:39:22 >> Loaded the max pet number: 0 in 0 ms
2012-12-31 18:39:22 
2012-12-31 18:39:22 Loading pet level stats...
2012-12-31 18:39:22 >> Loaded 85 level pet stats definitions in 1 ms
2012-12-31 18:39:22 
2012-12-31 18:39:22 Loading Player Corpses...
2012-12-31 18:39:22 >> Loaded 0 corpses. DB table `corpse` is empty.
2012-12-31 18:39:22 
2012-12-31 18:39:22 Loading Player level dependent mail rewards...
2012-12-31 18:39:22 >> Loaded 24 level dependent mail rewards in 1 ms
2012-12-31 18:39:22 
2012-12-31 18:39:22 Loading creature loot templates...
2012-12-31 18:39:24 >> Loaded 883989 creature loot templates in 1981 ms
2012-12-31 18:39:24 
2012-12-31 18:39:24 Loading fishing loot templates...
2012-12-31 18:39:24 >> Loaded 6224 fishing loot templates in 17 ms
2012-12-31 18:39:24 
2012-12-31 18:39:24 Loading gameobject loot templates...
2012-12-31 18:39:26 ERROR: Table 'gameobject_loot_template' entry 203409 (gameobject entry) not exist but used as loot id in DB.
2012-12-31 18:39:26 >> Loaded 3404 gameobject loot templates in 2588 ms
2012-12-31 18:39:26 
2012-12-31 18:39:26 Loading item loot templates...
2012-12-31 18:39:26 >> Loaded 925 prospecting loot templates in 8 ms
2012-12-31 18:39:26 
2012-12-31 18:39:26 Loading mail loot templates...
2012-12-31 18:39:26 >> Loaded 71 mail loot templates in 1 ms
2012-12-31 18:39:26 
2012-12-31 18:39:26 Loading milling loot templates...
2012-12-31 18:39:26 >> Loaded 59 milling loot templates in 5 ms
2012-12-31 18:39:26 
2012-12-31 18:39:26 Loading pickpocketing loot templates...
2012-12-31 18:39:26 >> Loaded 11468 pickpocketing loot templates in 32 ms
2012-12-31 18:39:26 
2012-12-31 18:39:26 Loading skinning loot templates...
2012-12-31 18:39:26 >> Loaded 5326 skinning loot templates in 21 ms
2012-12-31 18:39:26 
2012-12-31 18:39:26 Loading disenchanting loot templates...
2012-12-31 18:39:26 >> Loaded 136 disenchanting loot templates in 8 ms
2012-12-31 18:39:26 
2012-12-31 18:39:26 Loading prospecting loot templates...
2012-12-31 18:39:26 >> Loaded 143 prospecting loot templates in 6 ms
2012-12-31 18:39:26 
2012-12-31 18:39:26 Loading spell loot templates...
2012-12-31 18:39:26 >> Loaded 257 spell loot templates in 6 ms
2012-12-31 18:39:26 
2012-12-31 18:39:26 Loading reference loot templates...
2012-12-31 18:39:26 >> Loaded refence loot templates in 22 ms
2012-12-31 18:39:26 
2012-12-31 18:39:26 Loading Skill Discovery Table...
2012-12-31 18:39:26 >> Loaded 348 skill discovery definitions in 6 ms
2012-12-31 18:39:26 
2012-12-31 18:39:26 Loading Skill Extra Item Table...
2012-12-31 18:39:26 >> Loaded 225 spell specialization definitions in 1 ms
2012-12-31 18:39:26 
2012-12-31 18:39:26 Loading Skill Fishing base level requirements...
2012-12-31 18:39:26 >> Loaded 98 areas for fishing base skill level in 1 ms
2012-12-31 18:39:26 
2012-12-31 18:39:26 Loading Achievements...
2012-12-31 18:39:26 >> Loaded 44 achievement references in 0 ms
2012-12-31 18:39:26 
2012-12-31 18:39:26 Loading Achievement Criteria Lists...
2012-12-31 18:39:26 >> Loaded 1344 achievement criteria in 3 ms
2012-12-31 18:39:26 
2012-12-31 18:39:26 Loading Achievement Criteria Data...
2012-12-31 18:39:26 >> Loaded 3955 additional achievement criteria data in 7 ms
2012-12-31 18:39:26 
2012-12-31 18:39:26 Loading Achievement Rewards...
2012-12-31 18:39:26 >> Loaded 98 achievement rewards in 2 ms
2012-12-31 18:39:26 
2012-12-31 18:39:26 Loading Achievement Reward Locales...
2012-12-31 18:39:26 >> Loaded 0 achievement reward locale strings.  DB table `locales_achievement_reward` is empty
2012-12-31 18:39:26 
2012-12-31 18:39:26 Loading Completed Achievements...
2012-12-31 18:39:26 >> Loaded 0 completed achievements. DB table `character_achievement` is empty.
2012-12-31 18:39:26 
2012-12-31 18:39:26 Deleting expired auctions...
2012-12-31 18:39:26 >> No expired auctions to delete
2012-12-31 18:39:26 
2012-12-31 18:39:26 Loading Item Auctions...
2012-12-31 18:39:26 >> Loaded 0 auction items. DB table `auctionhouse` or `item_instance` is empty!
2012-12-31 18:39:26 
2012-12-31 18:39:26 Loading Auctions...
2012-12-31 18:39:26 >> Loaded 0 auctions. DB table `auctionhouse` is empty.
2012-12-31 18:39:26 
2012-12-31 18:39:26 Loading Guilds...
2012-12-31 18:39:26 Loading Guilds...
2012-12-31 18:39:26 >> Loaded 0 Guilds. DB table `guild` is empty.
2012-12-31 18:39:26 
2012-12-31 18:39:26 Loading Guild Rewards...
2012-12-31 18:39:26 >> Loaded 36 guild reward definitions in 0 ms
2012-12-31 18:39:26 
2012-12-31 18:39:26 Loading ArenaTeams...
2012-12-31 18:39:26 >> Loaded 0 arena teams. DB table `arena_team` is empty!
2012-12-31 18:39:26 
2012-12-31 18:39:26 Loading Groups...
2012-12-31 18:39:26 >> Loaded 0 group definitions. DB table `groups` is empty!
2012-12-31 18:39:26 
2012-12-31 18:39:26 Loading ReservedNames...
2012-12-31 18:39:26 >> Loaded 0 reserved player names. DB table `reserved_name` is empty!
2012-12-31 18:39:26 
2012-12-31 18:39:26 Loading GameObjects for quests...
2012-12-31 18:39:26 >> Loaded 1022 GameObjects for quests in 2 ms
2012-12-31 18:39:26 
2012-12-31 18:39:26 Loading BattleMasters...
2012-12-31 18:39:26 >> Loaded 145 battlemaster entries in 2 ms
2012-12-31 18:39:26 
2012-12-31 18:39:26 Loading GameTeleports...
2012-12-31 18:39:26 >> Loaded 1748 GameTeleports in 9 ms
2012-12-31 18:39:26 
2012-12-31 18:39:26 Loading Gossip menu...
2012-12-31 18:39:26 >> Loaded 5346 gossip_menu entries in 7 ms
2012-12-31 18:39:26 
2012-12-31 18:39:26 Loading Gossip menu options...
2012-12-31 18:39:26 >> Loaded 4662 gossip_menu_option entries in 32 ms
2012-12-31 18:39:26 
2012-12-31 18:39:26 Loading Vendors...
2012-12-31 18:39:26 >> Loaded 39939 Vendors in 68 ms
2012-12-31 18:39:26 
2012-12-31 18:39:26 Loading Trainers...
2012-12-31 18:39:27 >> Loaded 66753 Trainers in 188 ms
2012-12-31 18:39:27 
2012-12-31 18:39:27 Loading Waypoints...
2012-12-31 18:39:27 >> Loaded 68958 waypoints in 270 ms
2012-12-31 18:39:27 
2012-12-31 18:39:27 Loading SmartAI Waypoints...
2012-12-31 18:39:27 >> Loaded 156 SmartAI waypoint paths (total 1345 waypoints) in 3 ms
2012-12-31 18:39:27 
2012-12-31 18:39:27 Loading Creature Formations...
2012-12-31 18:39:27 >> Loaded 178 creatures in formations in 2 ms
2012-12-31 18:39:27 
2012-12-31 18:39:27 Loading World States...
2012-12-31 18:39:27 >> Loaded 14 world states in 0 ms
2012-12-31 18:39:27 
2012-12-31 18:39:27 Loading Conditions...
2012-12-31 18:39:27 ERROR: Found ConditionTypeOrReference = CONDITION_UNUSED_19 in `conditions` table - ignoring
2012-12-31 18:39:27 >> Loaded 6245 conditions in 22 ms
2012-12-31 18:39:27 
2012-12-31 18:39:27 Loading faction change achievement pairs...
2012-12-31 18:39:27 >> Loaded 124 faction change achievement pairs in 2 ms
2012-12-31 18:39:27 
2012-12-31 18:39:27 Loading faction change spell pairs...
2012-12-31 18:39:27 >> Loaded 99 faction change spell pairs in 1 ms
2012-12-31 18:39:27 
2012-12-31 18:39:27 Loading faction change item pairs...
2012-12-31 18:39:27 >> Loaded 781 faction change item pairs in 2 ms
2012-12-31 18:39:27 
2012-12-31 18:39:27 Loading faction change reputation pairs...
2012-12-31 18:39:27 >> Loaded 14 faction change reputation pairs in 1 ms
2012-12-31 18:39:27 
2012-12-31 18:39:27 Loading GM tickets...
2012-12-31 18:39:27 >> Loaded 0 GM tickets. DB table `gm_tickets` is empty!
2012-12-31 18:39:27 
2012-12-31 18:39:27 Loading GM surveys...
2012-12-31 18:39:27 >> Loaded GM Survey count from database in 1 ms
2012-12-31 18:39:27 
2012-12-31 18:39:27 Loading client addons...
2012-12-31 18:39:27 >> Loaded 0 known addons. DB table `addons` is empty!
2012-12-31 18:39:27 
2012-12-31 18:39:27 Returning old mails...
2012-12-31 18:39:27 >> No expired mails found.
2012-12-31 18:39:27 
2012-12-31 18:39:27 Loading Autobroadcasts...
2012-12-31 18:39:27 >> Loaded 3 autobroadcasts definitions in 1 ms
2012-12-31 18:39:27 
2012-12-31 18:39:27 Loading quest_start_scripts...
2012-12-31 18:39:27 >> Loaded 101 script definitions in 1 ms
2012-12-31 18:39:27 
2012-12-31 18:39:27 Loading quest_end_scripts...
2012-12-31 18:39:27 >> Loaded 30 script definitions in 1 ms
2012-12-31 18:39:27 
2012-12-31 18:39:27 Loading spell_scripts...
2012-12-31 18:39:27 >> Loaded 222 script definitions in 1 ms
2012-12-31 18:39:27 
2012-12-31 18:39:27 Loading gameobject_scripts...
2012-12-31 18:39:27 >> Loaded 24 script definitions in 0 ms
2012-12-31 18:39:27 
2012-12-31 18:39:27 Loading event_scripts...
2012-12-31 18:39:27 >> Loaded 634 script definitions in 3 ms
2012-12-31 18:39:27 
2012-12-31 18:39:27 Loading waypoint_scripts...
2012-12-31 18:39:27 >> Loaded 809 script definitions in 4 ms
2012-12-31 18:39:27 
2012-12-31 18:39:27 Loading Scripts text locales...
2012-12-31 18:39:27 >> Loaded 248 string templates from db_script_string in 2 ms
2012-12-31 18:39:27 
2012-12-31 18:39:27 Loading CreatureAI Texts...
2012-12-31 18:39:27 >> Loaded 1138 string templates from creature_ai_texts in 3 ms
2012-12-31 18:39:27 
2012-12-31 18:39:27 >> Loaded 1138 additional CreatureAI Texts data in 6 ms
2012-12-31 18:39:27 
2012-12-31 18:39:27 Loading CreatureAI Summons...
2012-12-31 18:39:27 >> Loaded 20 CreatureEventAI summon definitions in 1 ms
2012-12-31 18:39:27 
2012-12-31 18:39:27 Loading CreatureAI Scripts...
2012-12-31 18:39:27 >> Loaded 26822 CreatureEventAI scripts in 140 ms
2012-12-31 18:39:27 
2012-12-31 18:39:27 Loading spell script names...
2012-12-31 18:39:27 ERROR: Scriptname:`spell_dk_death_coil` spell (spell_id:-62900) does not exist in `Spell.dbc`.
2012-12-31 18:39:27 >> Loaded 809 spell script names in 3 ms
2012-12-31 18:39:27 
2012-12-31 18:39:27 Loading Creature Texts...
2012-12-31 18:39:27 >> Loaded 1591 creature texts for 467 creatures in 6 ms
2012-12-31 18:39:27 
2012-12-31 18:39:27 Loading Creature Text Locales...
2012-12-31 18:39:27 Initializing Scripts...
2012-12-31 18:39:27 TSCR: Loading Script Texts...
2012-12-31 18:39:27 >> Loaded 3269 string templates from script_texts in 8 ms
2012-12-31 18:39:27 
2012-12-31 18:39:27 TSCR: Loading Script Texts additional data...
2012-12-31 18:39:27 >> Loaded 3269 additional Script Texts data in 5 ms
2012-12-31 18:39:27 
2012-12-31 18:39:27 TSCR: Loading Custom Texts...
2012-12-31 18:39:27 >> Loaded 0 string templates. DB table `custom_texts` is empty.
2012-12-31 18:39:27 
2012-12-31 18:39:27 TSCR: Loading Custom Texts additional data...
2012-12-31 18:39:27 >> Loaded 0 additional Custom Texts data. DB table `custom_texts` is empty.
2012-12-31 18:39:27 
2012-12-31 18:39:27 TSCR: Loading Script Waypoints for 86 creature(s)...
2012-12-31 18:39:27 >> Loaded 2283 Script Waypoint nodes in 10 ms
2012-12-31 18:39:27 
2012-12-31 18:39:27 Loading C++ scripts
2012-12-31 18:39:27 >> Loaded 2058 C++ scripts in 77 ms
2012-12-31 18:39:27 
2012-12-31 18:39:27 Validating spell scripts...
2012-12-31 18:39:27 ERROR: TSCR: Spell `78941` Effect `Index: EFFECT_0 AuraName: 4` of script `spell_parasitic_infection` did not match dbc effect data - handler bound to hook `OnEffectRemove` of AuraScript won't be executed
2012-12-31 18:39:27 ERROR: TSCR: Spell `91332` of script `spell_gen_av_drekthar_presence` does not have area aura effect - handler bound to hook `DoCheckAreaTarget` of AuraScript won't be executed
2012-12-31 18:39:27 ERROR: TSCR: Spell `91913` Effect `Index: EFFECT_0 AuraName: 4` of script `spell_parasitic_infection` did not match dbc effect data - handler bound to hook `OnEffectRemove` of AuraScript won't be executed
2012-12-31 18:39:27 ERROR: TSCR: Spell `94678` Effect `Index: EFFECT_0 AuraName: 4` of script `spell_parasitic_infection` did not match dbc effect data - handler bound to hook `OnEffectRemove` of AuraScript won't be executed
2012-12-31 18:39:27 ERROR: TSCR: Spell `94679` Effect `Index: EFFECT_0 AuraName: 4` of script `spell_parasitic_infection` did not match dbc effect data - handler bound to hook `OnEffectRemove` of AuraScript won't be executed
2012-12-31 18:39:27 >> Validated 801 scripts in 3 ms
2012-12-31 18:39:27 
2012-12-31 18:39:27 Loading SmartAI scripts...
2012-12-31 18:39:27 >> Loaded 2925 SmartAI scripts in 72 ms
2012-12-31 18:39:27 
2012-12-31 18:39:27 Loading Calendar data...
2012-12-31 18:39:27 Initialize game time and timers
2012-12-31 18:39:27 Starting Map System
2012-12-31 18:39:27 Starting Game Event system...
2012-12-31 18:39:27 Player::DeleteOldChars: Deleting all characters which have been deleted 30 days before...
2012-12-31 18:39:27 Starting Arena Season...
2012-12-31 18:39:27 Arena Season 9 started...
2012-12-31 18:39:27 
2012-12-31 18:39:27 Starting Battleground System
2012-12-31 18:39:27 >> Loaded 13 battlegrounds in 1 ms
2012-12-31 18:39:27 
2012-12-31 18:39:27 Starting Outdoor PvP System
2012-12-31 18:39:27 >> Loaded 7 outdoor PvP definitions in 1 ms
2012-12-31 18:39:27 
2012-12-31 18:39:27 Starting Battlefield System
2012-12-31 18:39:27 
2012-12-31 18:39:27 Battlefield: Wintergrasp was successfully initiated.
2012-12-31 18:39:27 
2012-12-31 18:39:27 Battlefield: Tol Barad was successfully initiated.
2012-12-31 18:39:27 
2012-12-31 18:39:27 Loading Transports...
2012-12-31 18:39:27 >> Loaded 20 transports in 23 ms
2012-12-31 18:39:27 
2012-12-31 18:39:27 Loading Transport NPCs...
2012-12-31 18:39:28 >> Loaded 222 transport npcs in 122 ms
2012-12-31 18:39:28 
2012-12-31 18:39:28 Loading Warden Checks...
2012-12-31 18:39:28 >> Warden disabled, loading checks skipped.
2012-12-31 18:39:28 
2012-12-31 18:39:28 Loading Warden Action Overrides...
2012-12-31 18:39:28 >> Loaded 0 Warden action overrides. DB table `warden_action` is empty!
2012-12-31 18:39:28 
2012-12-31 18:39:28 Deleting expired bans...
2012-12-31 18:39:28 Calculate next daily quest reset time...
2012-12-31 18:39:28 Calculate next weekly quest reset time...
2012-12-31 18:39:28 Calculate random battleground reset time...
2012-12-31 18:39:28 Calculate weekly currency cap reset time...
2012-12-31 18:39:28 Loading character name data...
2012-12-31 18:39:28 ERROR: No character name data loaded, empty query
2012-12-31 18:39:28 
2012-12-31 18:39:28 WORLD: World initialized in 0 minutes 12 seconds
2012-12-31 18:39:28 
2012-12-31 18:39:28 Using processors (bitmask, hex): 3
2012-12-31 18:39:28 worldserver process priority class set to HIGH
2012-12-31 18:39:28 Starting up anti-freeze thread (55 seconds max stuck time)...
2012-12-31 18:39:28 Max allowed socket connections 1024
2012-12-31 18:39:28 SkyFireEMU rev. 0000-00-00 00:00:00 +0000 (Archived) (Win32, Release) (worldserver-daemon) ready...
